<?xml version="1.0" encoding="UTF-8"?>
<!-- Generated by org.testng.reporters.JUnitXMLReporter -->
<testsuite hostname="INSP15R-BASIL" name="signI.java" tests="1" failures="0" timestamp="24 Mar 2014 22:35:34 GMT" time="0.216" errors="0">
  <testcase name="@BeforeClass setUp" time="0.0" classname="signUp.signI">
    <failure type="java.lang.NullPointerException">
      <![CDATA[java.lang.NullPointerException
	at signUp.signI.FetchDataFromXL(signI.java:189)
	at signUp.signI.setUp(signI.java:50)
... Removed 23 stack frames]]>
    </failure>
  </testcase> <!-- @BeforeClass setUp -->
  <testcase name="@AfterClass tearDown" time="0.0" classname="signUp.signI">
    <skipped/>
  </testcase> <!-- @AfterClass tearDown -->
  <testcase name="signingUpExcel" time="0.0" classname="signUp.signI">
    <skipped/>
  </testcase> <!-- signingUpExcel -->
</testsuite> <!-- signI.java -->
