<?xml version="1.0" encoding="UTF-8"?>
<!-- Generated by org.testng.reporters.JUnitXMLReporter -->
<testsuite hostname="INSP15R-BASIL" name="signU.java" tests="1" failures="1" timestamp="28 Jun 2014 00:19:05 GMT" time="23.536" errors="0">
  <testcase name="test1" time="12.604" classname="signUp.signUp">
    <failure type="java.lang.IllegalMonitorStateException">
      <![CDATA[java.lang.IllegalMonitorStateException
	at java.lang.Object.wait(Native Method)
	at signUp.signUp.test1(signUp.java:76)
... Removed 23 stack frames]]>
    </failure>
  </testcase> <!-- test1 -->
</testsuite> <!-- signU.java -->
